--- Startup times for process: Primary (or UI client) ---

times in msec
 clock   self+sourced   self:  sourced script
 clock   elapsed:              other lines

000.001  000.001: --- NVIM STARTING ---
000.117  000.117: event init
000.333  000.216: early init
000.880  000.547: locale set
000.923  000.043: init first window
001.582  000.659: inits 1
001.592  000.010: window checked
001.595  000.003: parsing arguments
002.172  000.047  000.047: require('vim.shared')
002.267  000.038  000.038: require('vim.inspect')
002.314  000.038  000.038: require('vim._options')
002.316  000.141  000.065: require('vim._editor')
002.318  000.223  000.035: require('vim._init_packages')
002.320  000.502: init lua interpreter
006.043  003.723: nvim_ui_attach
006.373  000.330: nvim_set_client_info
006.375  000.002: --- NVIM STARTED ---

--- Startup times for process: Embedded ---

times in msec
 clock   self+sourced   self:  sourced script
 clock   elapsed:              other lines

000.000  000.000: --- NVIM STARTING ---
000.061  000.060: event init
000.189  000.129: early init
000.522  000.333: locale set
000.553  000.031: init first window
000.920  000.366: inits 1
000.936  000.016: window checked
000.938  000.002: parsing arguments
001.350  000.035  000.035: require('vim.shared')
001.418  000.027  000.027: require('vim.inspect')
001.454  000.029  000.029: require('vim._options')
001.456  000.103  000.047: require('vim._editor')
001.457  000.165  000.027: require('vim._init_packages')
001.458  000.355: init lua interpreter
003.265  001.806: expanding arguments
003.280  000.015: inits 2
003.495  000.215: init highlight
003.496  000.001: waiting for UI
003.643  000.147: done waiting for UI
003.649  000.006: clear screen
003.765  000.011  000.011: require('vim.keymap')
004.639  000.132  000.132: sourcing nvim_exec2()
004.768  001.117  000.974: require('vim._defaults')
004.770  000.004: init default mappings & autocommands
005.225  000.041  000.041: sourcing /opt/homebrew/Cellar/neovim/0.11.5/share/nvim/runtime/ftplugin.vim
005.299  000.021  000.021: sourcing /opt/homebrew/Cellar/neovim/0.11.5/share/nvim/runtime/indent.vim
006.203  000.171  000.171: require('synapse.config')
006.329  000.125  000.125: require('synapse.commands')
006.790  000.151  000.151: require('synapse.utils.config')
006.928  000.137  000.137: require('synapse.utils.string')
006.930  000.599  000.312: require('synapse.core.load')
006.931  001.407  000.512: require('synapse')
011.862  000.005  000.005: require('vim.F')
011.890  002.083  002.078: require('vim.diagnostic')
014.288  000.142  000.142: require('nvim-autopairs._log')
014.526  000.236  000.236: require('nvim-autopairs.utils')
015.284  000.250  000.250: require('nvim-autopairs.conds')
015.288  000.534  000.284: require('nvim-autopairs.rule')
015.289  000.762  000.228: require('nvim-autopairs.rules.basic')
015.294  002.540  001.399: require('nvim-autopairs')
015.596  000.151  000.151: require('nvim-autopairs.completion.handlers')
016.371  000.116  000.116: require('cmp.utils.debug')
016.700  000.153  000.153: require('cmp.utils.char')
016.704  000.332  000.179: require('cmp.utils.str')
017.244  000.189  000.189: require('cmp.utils.misc')
017.356  000.111  000.111: require('cmp.utils.buffer')
017.499  000.142  000.142: require('cmp.utils.api')
017.508  000.671  000.229: require('cmp.utils.keymap')
017.509  000.804  000.133: require('cmp.utils.feedkeys')
018.304  000.127  000.127: require('cmp.types.cmp')
018.479  000.174  000.174: require('cmp.types.lsp')
018.580  000.101  000.101: require('cmp.types.vim')
018.582  000.507  000.106: require('cmp.types')
018.584  000.680  000.173: require('cmp.config.mapping')
018.706  000.121  000.121: require('cmp.utils.cache')
019.098  000.237  000.237: require('cmp.config.compare')
019.237  000.137  000.137: require('cmp.config.window')
019.238  000.531  000.156: require('cmp.config.default')
019.248  001.531  000.200: require('cmp.config')
019.257  001.747  000.215: require('cmp.utils.async')
019.546  000.126  000.126: require('cmp.utils.pattern')
019.548  000.291  000.165: require('cmp.context')
020.564  000.327  000.327: require('cmp.utils.snippet')
020.796  000.231  000.231: require('cmp.matcher')
021.068  001.236  000.678: require('cmp.entry')
021.073  001.524  000.287: require('cmp.source')
021.414  000.116  000.116: require('cmp.utils.event')
021.921  000.103  000.103: require('cmp.utils.options')
021.923  000.340  000.237: require('cmp.utils.window')
021.925  000.511  000.171: require('cmp.view.docs_view')
022.418  000.131  000.131: require('cmp.utils.autocmd')
022.426  000.500  000.369: require('cmp.view.custom_entries_view')
022.742  000.316  000.316: require('cmp.view.wildmenu_entries_view')
022.916  000.173  000.173: require('cmp.view.native_entries_view')
023.077  000.160  000.160: require('cmp.view.ghost_text_view')
023.082  002.009  000.233: require('cmp.view')
023.345  007.445  000.623: require('cmp.core')
023.499  000.107  000.107: require('cmp.config.sources')
023.520  007.923  000.371: require('cmp')
023.522  008.227  000.154: require('nvim-autopairs.completion.cmp')
024.384  000.100  000.100: require('codecompanion._extensions')
025.313  000.147  000.147: require('telescope._extensions')
025.315  000.363  000.216: require('telescope')
026.469  000.203  000.203: require('vim.health')
026.470  000.281  000.079: require('vim.deprecated.health')
026.766  000.262  000.262: require('vim.iter')
026.831  000.814  000.270: require('codecompanion.utils.log')
026.832  000.961  000.147: require('codecompanion.providers.diff.utils')
026.959  000.126  000.126: require('codecompanion.utils')
026.961  001.277  000.190: require('codecompanion.providers.diff.inline')
026.963  002.128  000.488: require('codecompanion.providers')
027.794  000.108  000.108: require('plenary.tbl')
027.796  000.230  000.122: require('plenary.vararg.rotate')
027.797  000.329  000.099: require('plenary.vararg')
027.895  000.098  000.098: require('plenary.errors')
028.016  000.120  000.120: require('plenary.functional')
028.018  000.684  000.137: require('plenary.async.async')
028.534  000.117  000.117: require('plenary.async.structs')
028.538  000.277  000.160: require('plenary.async.control')
028.540  000.417  000.141: require('plenary.async.util')
028.542  000.523  000.105: require('plenary.async.tests')
028.543  001.330  000.124: require('plenary.async')
028.547  001.583  000.253: require('codecompanion.utils.ui')
028.599  000.029  000.029: require('vim.fs')
028.914  004.529  000.788: require('codecompanion.config')
029.037  000.122  000.122: require('codecompanion.utils.context')
029.989  000.201  000.201: require('plenary.bit')
030.005  000.010  000.010: require('ffi')
030.026  000.677  000.465: require('plenary.path')
030.160  000.133  000.133: require('codecompanion.utils.buffers')
030.162  000.970  000.160: require('codecompanion.strategies.chat.helpers')
030.311  000.149  000.149: require('codecompanion.utils.files')
030.314  001.276  000.157: require('codecompanion.strategies.chat.memory.helpers')
030.317  006.277  000.250: require('codecompanion')
030.797  000.199  000.199: require('codecompanion.utils.adapters')
031.010  000.190  000.190: require('codecompanion.commands')
031.109  000.089  000.089: require('codecompanion.providers.completion.cmp.setup')
031.889  000.122  000.122: require('Comment')
031.993  000.102  000.102: require('Comment.config')
032.564  000.160  000.160: require('Comment.ft')
032.566  000.398  000.238: require('Comment.utils')
032.696  000.129  000.129: require('Comment.opfunc')
032.796  000.099  000.099: require('Comment.extra')
032.798  000.801  000.175: require('Comment.api')
033.315  000.077  000.077: require('DawnBreaker')
033.382  000.066  000.066: require('dawnbreaker.utils.config')
033.870  000.103  000.103: require('dawnbreaker.utils.color')
033.871  000.368  000.266: require('dawnbreaker.utils.utils')
034.763  000.104  000.104: require('toggleterm.lazy')
034.866  000.102  000.102: require('toggleterm.constants')
035.179  000.312  000.312: require('toggleterm.terminal')
035.182  000.817  000.299: require('toggleterm')
035.469  000.140  000.140: require('toggleterm.colors')
035.616  000.147  000.147: require('toggleterm.utils')
035.619  000.435  000.148: require('toggleterm.config')
035.815  000.174  000.174: require('vim.version')
036.615  000.175  000.175: require('toggleterm.commandline')
037.227  000.074  000.074: require('formatter.defaults.alejandra')
037.296  000.067  000.067: require('formatter.defaults.astyle')
037.637  000.098  000.098: require('formatter.config')
037.641  000.277  000.179: require('formatter.util')
037.642  000.344  000.068: require('formatter.defaults.biome')
037.726  000.082  000.082: require('formatter.defaults.clangformat')
037.802  000.074  000.074: require('formatter.defaults.denofmt')
037.874  000.071  000.071: require('formatter.defaults.djlint')
037.943  000.067  000.067: require('formatter.defaults.esformatter')
038.008  000.064  000.064: require('formatter.defaults.eslint_d')
038.102  000.063  000.063: require('formatter.defaults.fishindent')
038.167  000.063  000.063: require('formatter.defaults.fourmolu')
038.231  000.063  000.063: require('formatter.defaults.htmlbeautifier')
038.294  000.062  000.062: require('formatter.defaults.jsbeautify')
038.359  000.063  000.063: require('formatter.defaults.ktlint')
038.423  000.063  000.063: require('formatter.defaults.latexindent')
038.487  000.063  000.063: require('formatter.defaults.mixformat')
038.550  000.062  000.062: require('formatter.defaults.nixfmt')
038.613  000.061  000.061: require('formatter.defaults.nixpkgs_fmt')
038.677  000.063  000.063: require('formatter.defaults.ocamlformat')
038.741  000.062  000.062: require('formatter.defaults.ormolu')
038.807  000.065  000.065: require('formatter.defaults.perltidy')
038.869  000.061  000.061: require('formatter.defaults.phpcbf')
038.933  000.062  000.062: require('formatter.defaults.php_cs_fixer')
038.997  000.063  000.063: require('formatter.defaults.pint')
039.067  000.068  000.068: require('formatter.defaults.prettier')
039.130  000.062  000.062: require('formatter.defaults.prettierd')
039.200  000.069  000.069: require('formatter.defaults.prettiereslint')
039.267  000.066  000.066: require('formatter.defaults.prettydiff')
039.332  000.063  000.063: require('formatter.defaults.sed')
039.396  000.063  000.063: require('formatter.defaults.semistandard')
039.459  000.062  000.062: require('formatter.defaults.standard')
039.523  000.062  000.062: require('formatter.defaults.stylish_haskell')
039.588  000.064  000.064: require('formatter.defaults.tsfmt')
039.656  000.067  000.067: require('formatter.defaults.uncrustify')
039.721  000.063  000.063: require('formatter.defaults.xmlformat')
039.784  000.062  000.062: require('formatter.defaults.zigfmt')
039.784  003.055  000.502: require('formatter.defaults')
039.786  003.137  000.082: require('formatter.filetypes.json')
039.858  000.070  000.070: require('formatter.filetypes.javascript')
039.931  000.072  000.072: require('formatter.filetypes.javascriptreact')
039.999  000.067  000.067: require('formatter.filetypes.typescript')
040.067  000.067  000.067: require('formatter.filetypes.typescriptreact')
040.135  000.067  000.067: require('formatter.filetypes.html')
040.200  000.065  000.065: require('formatter.filetypes.vue')
040.269  000.068  000.068: require('formatter.filetypes.css')
040.337  000.067  000.067: require('formatter.filetypes.java')
040.407  000.069  000.069: require('formatter.filetypes.lua')
040.484  000.077  000.077: require('formatter.filetypes.python')
040.553  000.068  000.068: require('formatter.filetypes.markdown')
040.619  000.066  000.066: require('formatter.filetypes.sh')
040.685  000.065  000.065: require('formatter.filetypes.c')
040.749  000.064  000.064: require('formatter.filetypes.cpp')
040.821  000.071  000.071: require('formatter.filetypes.cs')
040.885  000.064  000.064: require('formatter.filetypes.rust')
040.953  000.067  000.067: require('formatter.filetypes.go')
041.020  000.066  000.066: require('formatter.filetypes.dart')
041.343  000.081  000.081: require('formatter.log')
041.344  000.152  000.071: require('formatter')
041.783  000.143  000.143: require('gitsigns')
042.038  000.214  000.214: require('gitsigns.config')
042.376  000.301  000.301: require('gitsigns.highlight')
042.524  000.144  000.144: require('gitsigns.debug.log')
042.823  000.088  000.088: require('gitsigns.debounce')
043.268  000.254  000.254: require('hop')
043.446  000.108  000.108: require('hop.perm')
043.614  000.066  000.066: require('hop.priority')
043.615  000.168  000.103: require('hop.hint')
043.617  000.348  000.071: require('hop.defaults')
043.690  000.072  000.072: require('hop.highlight')
044.892  000.074  000.074: require('luasnip.util.types')
044.964  000.072  000.072: require('luasnip.util.lazy_table')
045.065  000.100  000.100: require('luasnip.extras.filetype_functions')
045.074  000.407  000.161: require('luasnip.default_config')
045.075  000.494  000.087: require('luasnip.session')
045.603  000.527  000.527: require('luasnip.util.vimversion')
045.608  001.251  000.230: require('luasnip.util.util')
046.124  000.152  000.152: require('luasnip.util.str')
046.206  000.081  000.081: require('luasnip.util.table')
046.315  000.109  000.109: require('luasnip.util.ext_opts')
046.388  000.072  000.072: require('luasnip.nodes.key_indexer')
046.521  000.132  000.132: require('luasnip.util.feedkeys')
046.845  000.323  000.323: require('luasnip.nodes.util.snippet_string')
046.849  001.240  000.371: require('luasnip.nodes.util')
047.179  000.099  000.099: require('luasnip.session.snippet_collection.source')
047.288  000.108  000.108: require('luasnip.util.auto_table')
047.295  000.444  000.238: require('luasnip.session.snippet_collection')
047.703  000.127  000.127: require('luasnip.util.select')
047.780  000.076  000.076: require('luasnip.util.time')
048.113  000.689  000.486: require('luasnip.util._builtin_vars')
048.215  000.920  000.231: require('luasnip.util.environ')
048.317  000.101  000.101: require('luasnip.util.extend_decorator')
048.628  000.180  000.180: require('luasnip.util.path')
049.070  000.224  000.224: require('luasnip.util.log')
049.076  000.448  000.224: require('luasnip.loaders.util')
049.161  000.084  000.084: require('luasnip.loaders.data')
049.554  000.393  000.393: require('luasnip.loaders.fs_watchers')
049.568  001.250  000.147: require('luasnip.loaders')
049.753  000.135  000.135: require('luasnip.config')
049.755  005.980  000.638: require('luasnip')
050.742  000.107  000.107: require('lualine_require')
050.892  000.542  000.435: require('lualine')
051.228  000.016  000.016: sourcing nvim_exec2() called at /Users/kernel/.config/nvim/init.lua:0
051.525  000.078  000.078: require('dawnbreaker.lualine.scheme')
051.716  000.005  000.005: sourcing nvim_exec2() called at /Users/kernel/.config/nvim/init.lua:0
051.913  000.003  000.003: sourcing nvim_exec2() called at /Users/kernel/.config/nvim/init.lua:0
051.955  000.002  000.002: sourcing nvim_exec2() called at /Users/kernel/.config/nvim/init.lua:0
051.983  000.002  000.002: sourcing nvim_exec2() called at /Users/kernel/.config/nvim/init.lua:0
051.991  000.002  000.002: sourcing nvim_exec2() called at /Users/kernel/.config/nvim/init.lua:0
052.011  000.002  000.002: sourcing nvim_exec2() called at /Users/kernel/.config/nvim/init.lua:0
052.017  000.001  000.001: sourcing nvim_exec2() called at /Users/kernel/.config/nvim/init.lua:0
052.027  000.001  000.001: sourcing nvim_exec2() called at /Users/kernel/.config/nvim/init.lua:0
052.035  000.003  000.003: sourcing nvim_exec2() called at /Users/kernel/.config/nvim/init.lua:0
052.041  000.001  000.001: sourcing nvim_exec2() called at /Users/kernel/.config/nvim/init.lua:0
052.047  000.001  000.001: sourcing nvim_exec2() called at /Users/kernel/.config/nvim/init.lua:0
052.052  000.001  000.001: sourcing nvim_exec2() called at /Users/kernel/.config/nvim/init.lua:0
052.082  000.001  000.001: sourcing nvim_exec2() called at /Users/kernel/.config/nvim/init.lua:0
052.107  000.001  000.001: sourcing nvim_exec2() called at /Users/kernel/.config/nvim/init.lua:0
052.135  000.001  000.001: sourcing nvim_exec2() called at /Users/kernel/.config/nvim/init.lua:0
052.158  000.001  000.001: sourcing nvim_exec2() called at /Users/kernel/.config/nvim/init.lua:0
052.168  000.001  000.001: sourcing nvim_exec2() called at /Users/kernel/.config/nvim/init.lua:0
052.194  000.001  000.001: sourcing nvim_exec2() called at /Users/kernel/.config/nvim/init.lua:0
052.234  000.001  000.001: sourcing nvim_exec2() called at /Users/kernel/.config/nvim/init.lua:0
052.268  000.001  000.001: sourcing nvim_exec2() called at /Users/kernel/.config/nvim/init.lua:0
052.299  000.001  000.001: sourcing nvim_exec2() called at /Users/kernel/.config/nvim/init.lua:0
052.330  000.001  000.001: sourcing nvim_exec2() called at /Users/kernel/.config/nvim/init.lua:0
052.336  000.005  000.005: sourcing nvim_exec2() called at /Users/kernel/.config/nvim/init.lua:0
052.832  000.002  000.002: sourcing nvim_exec2() called at /Users/kernel/.config/nvim/init.lua:0
052.838  000.001  000.001: sourcing nvim_exec2() called at /Users/kernel/.config/nvim/init.lua:0
052.866  000.001  000.001: sourcing nvim_exec2() called at /Users/kernel/.config/nvim/init.lua:0
052.871  000.001  000.001: sourcing nvim_exec2() called at /Users/kernel/.config/nvim/init.lua:0
052.877  000.001  000.001: sourcing nvim_exec2() called at /Users/kernel/.config/nvim/init.lua:0
052.882  000.001  000.001: sourcing nvim_exec2() called at /Users/kernel/.config/nvim/init.lua:0
052.887  000.001  000.001: sourcing nvim_exec2() called at /Users/kernel/.config/nvim/init.lua:0
052.893  000.001  000.001: sourcing nvim_exec2() called at /Users/kernel/.config/nvim/init.lua:0
052.899  000.001  000.001: sourcing nvim_exec2() called at /Users/kernel/.config/nvim/init.lua:0
052.904  000.001  000.001: sourcing nvim_exec2() called at /Users/kernel/.config/nvim/init.lua:0
052.909  000.002  000.002: sourcing nvim_exec2() called at /Users/kernel/.config/nvim/init.lua:0
052.915  000.001  000.001: sourcing nvim_exec2() called at /Users/kernel/.config/nvim/init.lua:0
052.920  000.001  000.001: sourcing nvim_exec2() called at /Users/kernel/.config/nvim/init.lua:0
052.925  000.001  000.001: sourcing nvim_exec2() called at /Users/kernel/.config/nvim/init.lua:0
052.931  000.001  000.001: sourcing nvim_exec2() called at /Users/kernel/.config/nvim/init.lua:0
052.936  000.001  000.001: sourcing nvim_exec2() called at /Users/kernel/.config/nvim/init.lua:0
052.941  000.001  000.001: sourcing nvim_exec2() called at /Users/kernel/.config/nvim/init.lua:0
052.946  000.001  000.001: sourcing nvim_exec2() called at /Users/kernel/.config/nvim/init.lua:0
052.951  000.001  000.001: sourcing nvim_exec2() called at /Users/kernel/.config/nvim/init.lua:0
052.974  000.001  000.001: sourcing nvim_exec2() called at /Users/kernel/.config/nvim/init.lua:0
052.980  000.001  000.001: sourcing nvim_exec2() called at /Users/kernel/.config/nvim/init.lua:0
053.062  000.014  000.014: sourcing nvim_exec2() called at /Users/kernel/.config/nvim/init.lua:0
053.066  000.002  000.002: sourcing nvim_exec2() called at /Users/kernel/.config/nvim/init.lua:0
053.069  000.002  000.002: sourcing nvim_exec2() called at /Users/kernel/.config/nvim/init.lua:0
053.072  000.001  000.001: sourcing nvim_exec2() called at /Users/kernel/.config/nvim/init.lua:0
053.309  000.003  000.003: sourcing nvim_exec2() called at /Users/kernel/.config/nvim/init.lua:0
053.312  000.001  000.001: sourcing nvim_exec2() called at /Users/kernel/.config/nvim/init.lua:0
053.736  000.002  000.002: sourcing nvim_exec2() called at /Users/kernel/.config/nvim/init.lua:0
053.740  000.001  000.001: sourcing nvim_exec2() called at /Users/kernel/.config/nvim/init.lua:0
053.742  000.001  000.001: sourcing nvim_exec2() called at /Users/kernel/.config/nvim/init.lua:0
053.763  000.001  000.001: sourcing nvim_exec2() called at /Users/kernel/.config/nvim/init.lua:0
053.994  000.002  000.002: sourcing nvim_exec2() called at /Users/kernel/.config/nvim/init.lua:0
054.022  000.001  000.001: sourcing nvim_exec2() called at /Users/kernel/.config/nvim/init.lua:0
054.028  000.001  000.001: sourcing nvim_exec2() called at /Users/kernel/.config/nvim/init.lua:0
054.033  000.001  000.001: sourcing nvim_exec2() called at /Users/kernel/.config/nvim/init.lua:0
054.039  000.001  000.001: sourcing nvim_exec2() called at /Users/kernel/.config/nvim/init.lua:0
054.044  000.001  000.001: sourcing nvim_exec2() called at /Users/kernel/.config/nvim/init.lua:0
054.049  000.001  000.001: sourcing nvim_exec2() called at /Users/kernel/.config/nvim/init.lua:0
054.055  000.001  000.001: sourcing nvim_exec2() called at /Users/kernel/.config/nvim/init.lua:0
054.060  000.001  000.001: sourcing nvim_exec2() called at /Users/kernel/.config/nvim/init.lua:0
054.065  000.001  000.001: sourcing nvim_exec2() called at /Users/kernel/.config/nvim/init.lua:0
054.070  000.001  000.001: sourcing nvim_exec2() called at /Users/kernel/.config/nvim/init.lua:0
054.076  000.001  000.001: sourcing nvim_exec2() called at /Users/kernel/.config/nvim/init.lua:0
054.081  000.001  000.001: sourcing nvim_exec2() called at /Users/kernel/.config/nvim/init.lua:0
054.106  000.001  000.001: sourcing nvim_exec2() called at /Users/kernel/.config/nvim/init.lua:0
054.113  000.002  000.002: sourcing nvim_exec2() called at /Users/kernel/.config/nvim/init.lua:0
054.119  000.001  000.001: sourcing nvim_exec2() called at /Users/kernel/.config/nvim/init.lua:0
054.124  000.001  000.001: sourcing nvim_exec2() called at /Users/kernel/.config/nvim/init.lua:0
054.129  000.001  000.001: sourcing nvim_exec2() called at /Users/kernel/.config/nvim/init.lua:0
054.158  000.001  000.001: sourcing nvim_exec2() called at /Users/kernel/.config/nvim/init.lua:0
054.176  000.001  000.001: sourcing nvim_exec2() called at /Users/kernel/.config/nvim/init.lua:0
054.183  000.001  000.001: sourcing nvim_exec2() called at /Users/kernel/.config/nvim/init.lua:0
054.191  000.004  000.004: sourcing nvim_exec2() called at /Users/kernel/.config/nvim/init.lua:0
054.207  000.002  000.002: sourcing nvim_exec2() called at /Users/kernel/.config/nvim/init.lua:0
054.216  000.007  000.007: sourcing nvim_exec2() called at /Users/kernel/.config/nvim/init.lua:0
054.220  000.003  000.003: sourcing nvim_exec2() called at /Users/kernel/.config/nvim/init.lua:0
054.223  000.001  000.001: sourcing nvim_exec2() called at /Users/kernel/.config/nvim/init.lua:0
054.229  000.005  000.005: sourcing nvim_exec2() called at /Users/kernel/.config/nvim/init.lua:0
054.235  000.002  000.002: sourcing nvim_exec2() called at /Users/kernel/.config/nvim/init.lua:0
054.694  000.083  000.083: require('mason-core.path')
055.009  000.072  000.072: require('mason-core.functional.data')
055.112  000.102  000.102: require('mason-core.functional.function')
055.250  000.135  000.135: require('mason-core.functional.list')
055.329  000.076  000.076: require('mason-core.functional.relation')
055.410  000.080  000.080: require('mason-core.functional.logic')
055.482  000.071  000.071: require('mason-core.functional.number')
055.580  000.096  000.096: require('mason-core.functional.string')
055.670  000.088  000.088: require('mason-core.functional.table')
055.742  000.071  000.071: require('mason-core.functional.type')
055.743  000.914  000.125: require('mason-core.functional')
055.760  001.066  000.152: require('mason-core.platform')
055.911  000.150  000.150: require('mason.settings')
055.913  001.402  000.103: require('mason-core.installer.InstallLocation')
056.314  000.188  000.188: require('mason-core.log')
056.315  000.272  000.084: require('mason-core.EventEmitter')
056.439  000.123  000.123: require('mason-registry.sources')
056.441  000.528  000.133: require('mason-registry')
056.442  002.014  000.084: require('mason')
056.708  000.175  000.175: require('mason.api.command')
057.611  000.880  000.880: require('mini.files')
057.632  000.006  000.006: sourcing nvim_exec2() called at /Users/kernel/.config/nvim/init.lua:0
057.634  000.001  000.001: sourcing nvim_exec2() called at /Users/kernel/.config/nvim/init.lua:0
058.609  000.851  000.851: require('mini.icons')
059.167  000.081  000.081: require('noice.util.lazy')
059.170  000.188  000.107: require('noice')
059.653  000.119  000.119: require('noice.util.call')
059.655  000.326  000.207: require('noice.util')
059.657  000.486  000.161: require('noice.health')
059.823  000.161  000.161: require('noice.config')
060.648  000.479  000.479: require('render-markdown.settings')
060.651  000.612  000.134: require('render-markdown')
060.792  000.140  000.140: require('render-markdown.lib.presets')
060.934  000.104  000.104: require('render-markdown.lib.compat')
061.366  000.098  000.098: require('render-markdown.lib.interval')
061.466  000.100  000.100: require('render-markdown.lib.str')
061.468  000.301  000.104: require('render-markdown.lib.line')
061.804  000.088  000.088: require('render-markdown.lib.list')
061.807  000.246  000.158: require('render-markdown.lib.env')
061.808  000.340  000.094: require('render-markdown.lib.resolved')
061.895  000.087  000.087: require('render-markdown.lib.iter')
061.897  000.849  000.121: require('render-markdown.lib.config')
061.908  000.974  000.125: require('render-markdown.state')
062.023  000.113  000.113: require('render-markdown.core.ts')
062.275  000.096  000.096: require('render-markdown.request.context')
062.400  000.125  000.125: require('render-markdown.core.log')
062.404  000.380  000.160: require('render-markdown.core.ui')
062.755  000.167  000.167: require('snacks')
063.216  000.418  000.418: require('LuaSnip')
064.054  000.152  000.152: require('plenary.strings')
064.563  000.172  000.172: require('plenary.log')
064.571  000.265  000.094: require('telescope.log')
065.231  000.079  000.079: require('plenary.compat')
065.238  000.336  000.257: require('plenary.job')
065.337  000.098  000.098: require('telescope.state')
065.450  000.108  000.108: require('vim.hl')
066.717  000.110  000.110: require('vim.treesitter.language')
066.774  000.056  000.056: require('vim.func')
066.865  000.086  000.086: require('vim.func._memoize')
066.906  000.791  000.540: require('vim.treesitter.query')
067.003  000.096  000.096: require('vim.treesitter._range')
067.014  001.405  000.518: require('vim.treesitter.languagetree')
067.017  001.564  000.159: require('vim.treesitter')
067.021  002.450  000.344: require('telescope.utils')
067.027  002.973  000.258: require('telescope.sorters')
067.856  004.208  001.083: require('telescope.config')
068.580  000.106  000.106: require('transparent.config')
068.673  000.092  000.092: require('transparent.cache')
068.699  000.355  000.158: require('transparent')
069.250  000.129  000.129: require('nvim-treesitter.utils')
070.086  000.835  000.835: require('nvim-treesitter.parsers')
070.693  000.090  000.090: require('nvim-treesitter.compat')
071.001  000.192  000.192: require('nvim-treesitter.ts_utils')
071.003  000.309  000.117: require('nvim-treesitter.tsrange')
071.089  000.086  000.086: require('nvim-treesitter.caching')
071.093  000.669  000.184: require('nvim-treesitter.query')
071.099  000.881  000.212: require('nvim-treesitter.configs')
071.100  001.014  000.133: require('nvim-treesitter.info')
071.264  000.163  000.163: require('nvim-treesitter.shell_command_selectors')
071.271  002.446  000.305: require('nvim-treesitter.install')
071.359  000.087  000.087: require('nvim-treesitter.statusline')
071.475  000.115  000.115: require('nvim-treesitter.query_predicates')
071.476  002.739  000.092: require('nvim-treesitter')
072.956  000.061  000.061: require('luasnip.util.events')
073.017  000.061  000.061: require('luasnip.nodes.optional_arg')
073.022  000.320  000.198: require('luasnip.nodes.node')
073.037  000.407  000.087: require('luasnip.nodes.textNode')
073.238  000.100  000.100: require('luasnip.nodes.functionNode')
073.785  000.173  000.173: require('luasnip.nodes.insertNode')
073.887  000.101  000.101: require('luasnip.util.mark')
073.969  000.082  000.082: require('luasnip.util.pattern_tokenizer')
074.037  000.068  000.068: require('luasnip.util.dict')
074.584  000.459  000.459: require('luasnip.util.jsregexp')
074.585  000.547  000.088: require('luasnip.nodes.util.trig_engines')
074.595  001.356  000.386: require('luasnip.nodes.snippet')
074.762  000.167  000.167: require('luasnip.nodes.dynamicNode')
074.764  001.726  000.103: require('luasnip.extras')
074.765  002.253  000.120: require('luasnip.extras.fmt')
077.068  000.070  000.070: require('mason-lspconfig.settings')
077.069  000.178  000.109: require('mason-lspconfig')
077.213  000.130  000.130: require('mason-core.async')
077.409  000.099  000.099: require('mason-core.async.control')
077.513  000.103  000.103: require('mason-core.result')
077.683  000.063  000.063: require('mason-core.async.uv')
077.686  000.172  000.110: require('mason-core.fs')
077.694  000.481  000.106: require('mason-registry.installer')
077.956  000.081  000.081: require('mason-core.optional')
078.272  000.141  000.141: require('mason-core.process')
078.375  000.102  000.102: require('mason-core.spawn')
078.376  000.320  000.077: require('mason-core.installer.managers.powershell')
078.437  000.060  000.060: require('mason.version')
078.438  000.482  000.101: require('mason-core.fetch')
078.518  000.079  000.079: require('mason-core.providers')
078.938  000.136  000.136: require('mason-core.purl')
078.941  000.249  000.114: require('mason-core.package.AbstractPackage')
079.417  000.092  000.092: require('mason-core.installer.compiler.expr')
079.420  000.231  000.138: require('mason-core.installer.compiler.link')
079.903  000.072  000.072: require('mason-core.installer.context.InstallContextCwd')
079.989  000.085  000.085: require('mason-core.installer.context.InstallContextFs')
080.065  000.076  000.076: require('mason-core.installer.context.InstallContextSpawn')
080.161  000.095  000.095: require('mason-core.receipt')
080.168  000.476  000.148: require('mason-core.installer.context')
080.168  000.536  000.060: require('mason-core.installer')
080.173  000.671  000.135: require('mason-core.installer.managers.std')
080.174  000.753  000.082: require('mason-core.installer.compiler.schemas')
080.258  000.084  000.084: require('mason-core.installer.compiler.util')
080.261  001.197  000.130: require('mason-core.installer.compiler')
080.370  000.108  000.108: require('mason-core.installer.linker')
080.372  001.430  000.124: require('mason-core.installer.InstallRunner')
080.472  000.100  000.100: require('mason-core.installer.UninstallRunner')
080.474  001.885  000.106: require('mason-core.package')
080.475  001.957  000.072: require('mason-registry.sources.util')
080.478  002.718  000.119: require('mason-registry.sources.github')
082.344  000.070  000.070: require('mason-lspconfig.mappings')
082.345  000.151  000.080: require('mason-lspconfig.features.automatic_enable')
085.459  000.123  000.123: require('vim.lsp.log')
086.052  000.591  000.591: require('vim.lsp.protocol')
086.963  000.910  000.910: require('vim.lsp.util')
087.262  000.139  000.139: require('vim.lsp.sync')
087.264  000.300  000.161: require('vim.lsp._changetracking')
087.569  000.087  000.087: require('vim.lsp._transport')
087.596  000.332  000.244: require('vim.lsp.rpc')
087.625  002.848  000.592: require('vim.lsp')
089.210  000.065  000.065: require('mason-lspconfig.notify')
089.236  000.207  000.142: require('mason-lspconfig.api.command')
089.260  083.854  022.937: sourcing /Users/kernel/.config/nvim/init.lua
089.264  000.578: sourcing vimrc file(s)
089.483  000.144  000.144: sourcing nvim_exec2() called at /opt/homebrew/Cellar/neovim/0.11.5/share/nvim/runtime/filetype.lua:0
089.484  000.178  000.034: sourcing /opt/homebrew/Cellar/neovim/0.11.5/share/nvim/runtime/filetype.lua
089.716  000.032  000.032: sourcing /opt/homebrew/Cellar/neovim/0.11.5/share/nvim/runtime/syntax/synload.vim
089.750  000.106  000.073: sourcing /opt/homebrew/Cellar/neovim/0.11.5/share/nvim/runtime/syntax/syntax.vim
090.427  000.073  000.073: sourcing /opt/homebrew/Cellar/neovim/0.11.5/share/nvim/runtime/plugin/gzip.vim
090.797  000.069  000.069: sourcing /opt/homebrew/Cellar/neovim/0.11.5/share/nvim/runtime/pack/dist/opt/matchit/plugin/matchit.vim
090.817  000.363  000.294: sourcing /opt/homebrew/Cellar/neovim/0.11.5/share/nvim/runtime/plugin/matchit.vim
090.912  000.072  000.072: sourcing /opt/homebrew/Cellar/neovim/0.11.5/share/nvim/runtime/plugin/matchparen.vim
090.943  000.004  000.004: sourcing /opt/homebrew/Cellar/neovim/0.11.5/share/nvim/runtime/plugin/netrwPlugin.vim
091.035  000.065  000.065: sourcing /opt/homebrew/Cellar/neovim/0.11.5/share/nvim/runtime/plugin/rplugin.vim
091.085  000.022  000.022: sourcing /opt/homebrew/Cellar/neovim/0.11.5/share/nvim/runtime/plugin/shada.vim
091.115  000.006  000.006: sourcing /opt/homebrew/Cellar/neovim/0.11.5/share/nvim/runtime/plugin/spellfile.vim
091.168  000.031  000.031: sourcing /opt/homebrew/Cellar/neovim/0.11.5/share/nvim/runtime/plugin/tarPlugin.vim
091.200  000.007  000.007: sourcing /opt/homebrew/Cellar/neovim/0.11.5/share/nvim/runtime/plugin/tutor.vim
091.266  000.042  000.042: sourcing /opt/homebrew/Cellar/neovim/0.11.5/share/nvim/runtime/plugin/zipPlugin.vim
091.310  000.020  000.020: sourcing /opt/homebrew/Cellar/neovim/0.11.5/share/nvim/runtime/plugin/editorconfig.lua
091.370  000.031  000.031: sourcing /opt/homebrew/Cellar/neovim/0.11.5/share/nvim/runtime/plugin/man.lua
091.452  000.030  000.030: sourcing /opt/homebrew/Cellar/neovim/0.11.5/share/nvim/runtime/plugin/osc52.lua
091.493  000.018  000.018: sourcing /opt/homebrew/Cellar/neovim/0.11.5/share/nvim/runtime/plugin/tohtml.lua
093.318  000.031  000.031: sourcing /Users/kernel/.nvim-utils/package/formatter.nvim/plugin/formatter.vim
093.413  000.074  000.074: sourcing /Users/kernel/.nvim-utils/package/hop.nvim/plugin/hop.vim
093.442  000.009  000.009: sourcing /Users/kernel/.nvim-utils/package/LuaSnip/plugin/luasnip.vim
094.043  000.577  000.577: require('rainbow')
094.049  000.587  000.010: sourcing /Users/kernel/.nvim-utils/package/nvim-ts-rainbow/plugin/rainbow.vim
094.082  000.012  000.012: sourcing /Users/kernel/.nvim-utils/package/plenary.nvim/plugin/plenary.vim
094.120  000.017  000.017: sourcing /Users/kernel/.nvim-utils/package/transparent.nvim/plugin/transparent.vim
094.311  000.170  000.170: sourcing /Users/kernel/.nvim-utils/package/vim-smoothie/plugin/smoothie.vim
094.454  000.121  000.121: sourcing /Users/kernel/.nvim-utils/package/codecompanion.nvim/plugin/codecompanion.lua
094.574  000.099  000.099: sourcing /Users/kernel/.nvim-utils/package/Comment.nvim/plugin/Comment.lua
094.651  000.055  000.055: sourcing /Users/kernel/.nvim-utils/package/gitsigns.nvim/plugin/gitsigns.lua
095.315  000.598  000.598: require('vim.filetype')
095.452  000.781  000.183: sourcing /Users/kernel/.nvim-utils/package/LuaSnip/plugin/luasnip.lua
095.625  000.100  000.100: require('cmp.utils.highlight')
095.795  000.007  000.007: sourcing nvim_exec2() called at /Users/kernel/.nvim-utils/package/nvim-cmp/plugin/cmp.lua:0
095.796  000.320  000.213: sourcing /Users/kernel/.nvim-utils/package/nvim-cmp/plugin/cmp.lua
096.196  000.270  000.270: require('lspconfig.util')
096.204  000.383  000.113: sourcing /Users/kernel/.nvim-utils/package/nvim-lspconfig/plugin/lspconfig.lua
096.723  000.497  000.497: sourcing /Users/kernel/.nvim-utils/package/nvim-treesitter/plugin/nvim-treesitter.lua
097.219  000.088  000.088: require('nvim-ts-autotag._log')
097.312  000.092  000.092: require('nvim-ts-autotag.config.init')
097.656  000.119  000.119: require('nvim-ts-autotag.utils')
097.657  000.209  000.091: require('nvim-ts-autotag.config.ft')
097.659  000.346  000.137: require('nvim-ts-autotag.config.plugin')
097.662  000.788  000.261: require('nvim-ts-autotag.internal')
097.663  000.903  000.114: require('nvim-ts-autotag')
097.699  000.948  000.046: sourcing /Users/kernel/.nvim-utils/package/nvim-ts-autotag/plugin/nvim-ts-autotag.lua
097.954  000.220  000.220: require('overseer')
097.976  000.252  000.032: sourcing /Users/kernel/.nvim-utils/package/OverseerForTelescope.nvim/plugin/overseer.lua
098.154  000.133  000.133: require('render-markdown.core.colors')
098.413  000.119  000.119: require('render-markdown.api')
098.415  000.238  000.120: require('render-markdown.core.command')
098.563  000.129  000.129: require('render-markdown.core.manager')
098.579  000.573  000.074: sourcing /Users/kernel/.nvim-utils/package/render-markdown.nvim/plugin/render-markdown.lua
098.611  000.009  000.009: sourcing /Users/kernel/.nvim-utils/package/snacks.nvim/plugin/snacks.lua
098.717  000.084  000.084: sourcing /Users/kernel/.nvim-utils/package/telescope.nvim/plugin/telescope.lua
098.741  003.389: loading rtp plugins
098.815  000.074: loading packages
099.195  000.053  000.053: require('cmp_buffer.timer')
099.197  000.179  000.126: require('cmp_buffer.buffer')
099.198  000.256  000.077: require('cmp_buffer.source')
099.199  000.302  000.046: require('cmp_buffer')
099.236  000.350  000.047: sourcing /Users/kernel/.nvim-utils/package/cmp-buffer/after/plugin/cmp_buffer.lua
099.444  000.133  000.133: require('cmp_cmdline')
099.458  000.157  000.024: sourcing /Users/kernel/.nvim-utils/package/cmp-cmdline/after/plugin/cmp_cmdline.lua
099.709  000.090  000.090: require('cmp_nvim_lsp.source')
099.710  000.176  000.086: require('cmp_nvim_lsp')
099.714  000.189  000.013: sourcing /Users/kernel/.nvim-utils/package/cmp-nvim-lsp/after/plugin/cmp_nvim_lsp.lua
099.859  000.072  000.072: require('cmp_nvim_lua')
099.873  000.096  000.023: sourcing /Users/kernel/.nvim-utils/package/cmp-nvim-lua/after/plugin/cmp_nvim_lua.lua
100.070  000.121  000.121: require('cmp_path')
100.087  000.147  000.026: sourcing /Users/kernel/.nvim-utils/package/cmp-path/after/plugin/cmp_path.lua
100.268  000.104  000.104: require('cmp_luasnip')
100.294  000.144  000.039: sourcing /Users/kernel/.nvim-utils/package/cmp_luasnip/after/plugin/cmp_luasnip.lua
100.299  000.402: loading after plugins
100.304  000.005: inits 3
100.895  000.591: reading ShaDa
101.240  000.115  000.115: require('luasnip.util.directed_graph')
101.308  000.067  000.067: require('luasnip.session.enqueueable_operations')
101.310  000.360  000.178: require('luasnip.loaders.from_lua')
101.631  000.083  000.083: require('luasnip.nodes.duplicate')
101.632  000.158  000.074: require('luasnip.loaders.snippet_cache')
101.636  000.323  000.165: require('luasnip.loaders.from_snipmate')
102.318  000.094  000.094: require('luasnip.util.parser.neovim_ast')
102.811  000.491  000.491: require('luasnip.util.jsregexp')
102.813  000.740  000.154: require('luasnip.util.parser.ast_utils')
102.989  000.176  000.176: require('luasnip.nodes.choiceNode')
103.058  000.068  000.068: require('luasnip.util.functions')
103.060  001.121  000.138: require('luasnip.util.parser.ast_parser')
103.238  000.177  000.177: require('luasnip.util.parser.neovim_parser')
103.240  001.391  000.092: require('luasnip.util.parser')
103.323  000.083  000.083: require('luasnip.nodes.snippetProxy')
103.514  000.189  000.189: require('luasnip.util.jsonc')
103.517  001.879  000.216: require('luasnip.loaders.from_vscode')
103.549  000.092: opening buffers
103.665  000.115: BufEnter autocommands
103.666  000.001: editing files in windows
103.677  000.011: --- NVIM STARTED ---

